#
# There is insufficient memory for the Java Runtime Environment to continue.
# Native memory allocation (malloc) failed to allocate 1381616 bytes for Chunk::new
# Possible reasons:
#   The system is out of physical RAM or swap space
#   In 32 bit mode, the process size limit was hit
# Possible solutions:
#   Reduce memory load on the system
#   Increase physical memory or swap space
#   Check if swap backing store is full
#   Use 64 bit Java on a 64 bit OS
#   Decrease Java heap size (-Xmx/-Xms)
#   Decrease number of Java threads
#   Decrease Java thread stack sizes (-Xss)
#   Set larger code cache with -XX:ReservedCodeCacheSize=
# This output file may be truncated or incomplete.
#
#  Out of Memory Error (allocation.cpp:390), pid=16032, tid=0x0000000000002268
#
# JRE version: OpenJDK Runtime Environment (8.0_152-b01) (build 1.8.0_152-release-915-b01)
# Java VM: OpenJDK 64-Bit Server VM (25.152-b01 mixed mode windows-amd64 compressed oops)
# Failed to write core dump. Minidumps are not enabled by default on client versions of Windows
#

---------------  T H R E A D  ---------------

Current thread (0x000000001a9de800):  JavaThread "C2 CompilerThread1" daemon [_thread_in_native, id=8808, stack(0x000000001b3a0000,0x000000001b4a0000)]

Stack: [0x000000001b3a0000,0x000000001b4a0000]
[error occurred during error reporting (printing stack bounds), id 0xc0000005]

Native frames: (J=compiled Java code, j=interpreted, Vv=VM code, C=native code)


Current CompileTask:
C2:10764747 30876   !   4       com.android.ide.common.blame.MergingLogPersistUtil::loadFromMultiFileVersion2 (488 bytes)


---------------  P R O C E S S  ---------------

Java Threads: ( => current thread )
  0x000000001f730800 JavaThread "pool-203-thread-1" [_thread_blocked, id=17312, stack(0x0000000066860000,0x0000000066960000)]
  0x000000001cdc7000 JavaThread "stdout" daemon [_thread_in_native, id=16632, stack(0x0000000065f60000,0x0000000066060000)]
  0x000000001cdc6800 JavaThread "stderr" daemon [_thread_in_native, id=11800, stack(0x0000000065e60000,0x0000000065f60000)]
  0x000000001cdca000 JavaThread "stdout" daemon [_thread_in_native, id=7740, stack(0x0000000065d60000,0x0000000065e60000)]
  0x000000001cdcd000 JavaThread "stderr" daemon [_thread_in_native, id=9672, stack(0x0000000065c60000,0x0000000065d60000)]
  0x000000001cdcb800 JavaThread "stdout" daemon [_thread_in_native, id=15692, stack(0x0000000065b60000,0x0000000065c60000)]
  0x000000001f733000 JavaThread "stderr" daemon [_thread_in_native, id=6908, stack(0x0000000065a60000,0x0000000065b60000)]
  0x000000001f729000 JavaThread "queued-resource-processor_872" daemon [_thread_blocked, id=15124, stack(0x0000000065760000,0x0000000065860000)]
  0x000000001f72e800 JavaThread "queued-resource-processor_871" daemon [_thread_blocked, id=17380, stack(0x0000000065660000,0x0000000065760000)]
  0x000000001f727800 JavaThread "queued-resource-processor_870" daemon [_thread_blocked, id=6564, stack(0x0000000065560000,0x0000000065660000)]
  0x000000001f72d800 JavaThread "queued-resource-processor_869" daemon [_thread_blocked, id=15744, stack(0x0000000065460000,0x0000000065560000)]
  0x000000001f72d000 JavaThread "queued-resource-processor_868" daemon [_thread_blocked, id=16252, stack(0x0000000065360000,0x0000000065460000)]
  0x000000001f663800 JavaThread "queued-resource-processor_867" daemon [_thread_blocked, id=11852, stack(0x0000000065260000,0x0000000065360000)]
  0x000000001f663000 JavaThread "queued-resource-processor_866" daemon [_thread_blocked, id=8060, stack(0x0000000065160000,0x0000000065260000)]
  0x000000001f659000 JavaThread "Task worker for ':' Thread 7" [_thread_blocked, id=16048, stack(0x0000000064f60000,0x0000000065060000)]
  0x000000001f660000 JavaThread "Task worker for ':' Thread 6" [_thread_blocked, id=18076, stack(0x0000000064e60000,0x0000000064f60000)]
  0x000000001f658800 JavaThread "Task worker for ':' Thread 5" [_thread_blocked, id=6120, stack(0x0000000064d60000,0x0000000064e60000)]
  0x000000001f65f000 JavaThread "Task worker for ':' Thread 4" [_thread_in_native, id=17276, stack(0x0000000064c60000,0x0000000064d60000)]
  0x000000001f657800 JavaThread "Task worker for ':' Thread 3" [_thread_blocked, id=2120, stack(0x0000000064b60000,0x0000000064c60000)]
  0x000000001f657000 JavaThread "Task worker for ':' Thread 2" [_thread_blocked, id=5692, stack(0x0000000064a60000,0x0000000064b60000)]
  0x00000000224c0800 JavaThread "Task worker for ':'" [_thread_blocked, id=8092, stack(0x0000000064960000,0x0000000064a60000)]
  0x00000000224c1800 JavaThread "Cache worker for task history cache (D:\AndroidLibrary\V04.1\.gradle\4.1\taskHistory)" [_thread_blocked, id=13092, stack(0x0000000064860000,0x0000000064960000)]
  0x00000000224c0000 JavaThread "Cache worker for file content cache (D:\AndroidLibrary\V04.1\.gradle\4.1\fileContent)" [_thread_blocked, id=11108, stack(0x0000000064760000,0x0000000064860000)]
  0x00000000224bf000 JavaThread "build operations Thread 8" [_thread_blocked, id=4224, stack(0x0000000064660000,0x0000000064760000)]
  0x00000000224be800 JavaThread "build operations Thread 7" [_thread_blocked, id=17048, stack(0x0000000064560000,0x0000000064660000)]
  0x00000000224b7000 JavaThread "build operations Thread 6" [_thread_blocked, id=10424, stack(0x0000000064460000,0x0000000064560000)]
  0x00000000224bd800 JavaThread "build operations Thread 5" [_thread_blocked, id=13880, stack(0x0000000064360000,0x0000000064460000)]
  0x00000000224bd000 JavaThread "build operations Thread 4" [_thread_blocked, id=8548, stack(0x0000000064260000,0x0000000064360000)]
  0x00000000224b5800 JavaThread "build operations Thread 3" [_thread_blocked, id=5528, stack(0x0000000064160000,0x0000000064260000)]
  0x00000000224bb800 JavaThread "build operations Thread 2" [_thread_blocked, id=3004, stack(0x0000000064060000,0x0000000064160000)]
  0x00000000224b4000 JavaThread "build operations" [_thread_blocked, id=15620, stack(0x0000000063f60000,0x0000000064060000)]
  0x00000000224b6000 JavaThread "Cache worker for Artifact transforms cache (C:\Users\Ryan\.gradle\caches\transforms-1)" [_thread_blocked, id=15324, stack(0x0000000063e60000,0x0000000063f60000)]
  0x00000000224ba800 JavaThread "Cache worker for file hash cache (D:\AndroidLibrary\V04.1\.gradle\4.1\fileHashes)" [_thread_blocked, id=17524, stack(0x0000000063d60000,0x0000000063e60000)]
  0x00000000224ba000 JavaThread "Stdin handler" [_thread_blocked, id=16420, stack(0x0000000063c60000,0x0000000063d60000)]
  0x00000000224b9000 JavaThread "Asynchronous log dispatcher for DefaultDaemonConnection: socket connection from /127.0.0.1:61799 to /127.0.0.1:51801" [_thread_blocked, id=12696, stack(0x0000000063b60000,0x0000000063c60000)]
  0x00000000224b8800 JavaThread "Cancel handler" [_thread_blocked, id=18312, stack(0x0000000063a60000,0x0000000063b60000)]
  0x00000000224b3000 JavaThread "Handler for socket connection from /127.0.0.1:61799 to /127.0.0.1:51801" [_thread_in_native, id=16240, stack(0x0000000063960000,0x0000000063a60000)]
  0x000000001f65b800 JavaThread "Daemon worker Thread 22" [_thread_blocked, id=14940, stack(0x000000005af60000,0x000000005b060000)]
  0x000000001f65d000 JavaThread "Daemon Thread 22" [_thread_blocked, id=14440, stack(0x000000005ac60000,0x000000005ad60000)]
  0x000000001f724000 JavaThread "Memory manager" [_thread_blocked, id=14628, stack(0x0000000022150000,0x0000000022250000)]
  0x000000001c840800 JavaThread "File lock request listener" [_thread_in_native, id=5708, stack(0x000000001f2c0000,0x000000001f3c0000)]
  0x000000001bcad800 JavaThread "Cache worker for file hash cache (C:\Users\Ryan\.gradle\caches\4.1\fileHashes)" [_thread_blocked, id=232, stack(0x000000001e1f0000,0x000000001e2f0000)]
  0x000000001bc66800 JavaThread "Daemon periodic checks" [_thread_blocked, id=17672, stack(0x000000001d7f0000,0x000000001d8f0000)]
  0x000000001be52000 JavaThread "Incoming local TCP Connector on port 61799" [_thread_in_native, id=13996, stack(0x000000001d5b0000,0x000000001d6b0000)]
  0x000000001aa6d800 JavaThread "Service Thread" daemon [_thread_blocked, id=6764, stack(0x000000001b6a0000,0x000000001b7a0000)]
  0x000000001a9e6000 JavaThread "C1 CompilerThread3" daemon [_thread_blocked, id=9484, stack(0x000000001b5a0000,0x000000001b6a0000)]
  0x000000001a9e0800 JavaThread "C2 CompilerThread2" daemon [_thread_blocked, id=264, stack(0x000000001b4a0000,0x000000001b5a0000)]
=>0x000000001a9de800 JavaThread "C2 CompilerThread1" daemon [_thread_in_native, id=8808, stack(0x000000001b3a0000,0x000000001b4a0000)]
  0x000000001a9dc000 JavaThread "C2 CompilerThread0" daemon [_thread_blocked, id=17148, stack(0x000000001b2a0000,0x000000001b3a0000)]
  0x000000001a9d5000 JavaThread "Attach Listener" daemon [_thread_blocked, id=18364, stack(0x000000001b1a0000,0x000000001b2a0000)]
  0x000000001a9d4000 JavaThread "Signal Dispatcher" daemon [_thread_blocked, id=828, stack(0x000000001b0a0000,0x000000001b1a0000)]
  0x0000000004d0e800 JavaThread "Finalizer" daemon [_thread_blocked, id=4984, stack(0x000000001adb0000,0x000000001aeb0000)]
  0x0000000004d07000 JavaThread "Reference Handler" daemon [_thread_blocked, id=12216, stack(0x000000001a8b0000,0x000000001a9b0000)]
  0x00000000008ed800 JavaThread "main" [_thread_blocked, id=16664, stack(0x0000000004b10000,0x0000000004c10000)]

Other Threads:
  0x0000000018ac7800 VMThread [stack: 0x000000001a7b0000,0x000000001a8b0000] [id=6692]
  0x000000001aa6e000 WatcherThread [stack: 0x000000001b7a0000,0x000000001b8a0000] [id=14256]

VM state:not at safepoint (normal execution)

VM Mutex/Monitor currently owned by a thread: None

Heap:
 PSYoungGen      total 436736K, used 67427K [0x00000000e0000000, 0x00000000ffd00000, 0x0000000100000000)
  eden space 413696K, 10% used [0x00000000e0000000,0x00000000e2bd5060,0x00000000f9400000)
  from space 23040K, 97% used [0x00000000f9400000,0x00000000faa03e90,0x00000000faa80000)
  to   space 53248K, 0% used [0x00000000fc900000,0x00000000fc900000,0x00000000ffd00000)
 ParOldGen       total 284160K, used 232919K [0x00000000a0000000, 0x00000000b1580000, 0x00000000e0000000)
  object space 284160K, 81% used [0x00000000a0000000,0x00000000ae375c98,0x00000000b1580000)
 Metaspace       used 93821K, capacity 103524K, committed 103768K, reserved 1138688K
  class space    used 11822K, capacity 14140K, committed 14208K, reserved 1048576K

Card table byte_map: [0x00000000140d0000,0x00000000143e0000] byte_map_base: 0x0000000013bd0000

Marking Bits: (ParMarkBitMap*) 0x0000000056ee3950
 Begin Bits: [0x0000000014de0000, 0x00000000165e0000)
 End Bits:   [0x00000000165e0000, 0x0000000017de0000)

Polling page: 0x0000000002e60000

CodeCache: size=245760Kb used=86909Kb max_used=86923Kb free=158850Kb
 bounds [0x0000000004d10000, 0x000000000a280000, 0x0000000013d10000]
 total_blobs=23231 nmethods=22351 adapters=790
 compilation: enabled

Compilation events (10 events):
Event: 10762.490 Thread 0x000000001a9e0800 30872       4       com.android.utils.PositionXmlParser::parse (54 bytes)
Event: 10762.499 Thread 0x000000001a9de800 30873       4       com.sun.org.apache.xerces.internal.jaxp.SAXParserImpl::parse (65 bytes)
Event: 10762.508 Thread 0x000000001a9dc000 nmethod 30870 0x000000000a271790 code [0x000000000a271be0, 0x000000000a2736d8]
Event: 10762.508 Thread 0x000000001a9dc000 30874       4       com.sun.org.apache.xerces.internal.impl.XMLScanner::scanXMLDeclOrTextDecl (696 bytes)
Event: 10762.512 Thread 0x000000001a9de800 nmethod 30873 0x000000000a275d50 code [0x000000000a276000, 0x000000000a276be0]
Event: 10762.520 Thread 0x000000001a9de800 30875       4       com.android.resources.TouchScreen::getEnum (42 bytes)
Event: 10762.523 Thread 0x000000001a9de800 nmethod 30875 0x000000000a268b50 code [0x000000000a268ca0, 0x000000000a269098]
Event: 10762.541 Thread 0x000000001a9dc000 nmethod 30874 0x000000000a27af90 code [0x000000000a27b220, 0x000000000a27cfd0]
Event: 10762.593 Thread 0x000000001a9e0800 nmethod 30872 0x000000000a265e10 code [0x000000000a265fe0, 0x000000000a266a80]
Event: 10763.294 Thread 0x000000001a9de800 30876   !   4       com.android.ide.common.blame.MergingLogPersistUtil::loadFromMultiFileVersion2 (488 bytes)

GC Heap History (10 events):
Event: 10005.682 GC heap before
{Heap before GC invocations=102 (full 9):
 PSYoungGen      total 459264K, used 428549K [0x00000000e0000000, 0x00000000ff980000, 0x0000000100000000)
  eden space 399872K, 100% used [0x00000000e0000000,0x00000000f8680000,0x00000000f8680000)
  from space 59392K, 48% used [0x00000000fbf80000,0x00000000fdb81608,0x00000000ff980000)
  to   space 58368K, 0% used [0x00000000f8680000,0x00000000f8680000,0x00000000fbf80000)
 ParOldGen       total 284160K, used 217497K [0x00000000a0000000, 0x00000000b1580000, 0x00000000e0000000)
  object space 284160K, 76% used [0x00000000a0000000,0x00000000ad466598,0x00000000b1580000)
 Metaspace       used 93311K, capacity 102556K, committed 102744K, reserved 1138688K
  class space    used 11742K, capacity 13882K, committed 13952K, reserved 1048576K
Event: 10006.258 GC heap after
Heap after GC invocations=102 (full 9):
 PSYoungGen      total 458240K, used 24326K [0x00000000e0000000, 0x00000000ffd00000, 0x0000000100000000)
  eden space 399872K, 0% used [0x00000000e0000000,0x00000000e0000000,0x00000000f8680000)
  from space 58368K, 41% used [0x00000000f8680000,0x00000000f9e41870,0x00000000fbf80000)
  to   space 57344K, 0% used [0x00000000fc500000,0x00000000fc500000,0x00000000ffd00000)
 ParOldGen       total 284160K, used 217697K [0x00000000a0000000, 0x00000000b1580000, 0x00000000e0000000)
  object space 284160K, 76% used [0x00000000a0000000,0x00000000ad4985a8,0x00000000b1580000)
 Metaspace       used 93311K, capacity 102556K, committed 102744K, reserved 1138688K
  class space    used 11742K, capacity 13882K, committed 13952K, reserved 1048576K
}
Event: 10196.657 GC heap before
{Heap before GC invocations=103 (full 9):
 PSYoungGen      total 458240K, used 424198K [0x00000000e0000000, 0x00000000ffd00000, 0x0000000100000000)
  eden space 399872K, 100% used [0x00000000e0000000,0x00000000f8680000,0x00000000f8680000)
  from space 58368K, 41% used [0x00000000f8680000,0x00000000f9e41870,0x00000000fbf80000)
  to   space 57344K, 0% used [0x00000000fc500000,0x00000000fc500000,0x00000000ffd00000)
 ParOldGen       total 284160K, used 217697K [0x00000000a0000000, 0x00000000b1580000, 0x00000000e0000000)
  object space 284160K, 76% used [0x00000000a0000000,0x00000000ad4985a8,0x00000000b1580000)
 Metaspace       used 93444K, capacity 102706K, committed 102744K, reserved 1138688K
  class space    used 11755K, capacity 13925K, committed 13952K, reserved 1048576K
Event: 10196.984 GC heap after
Heap after GC invocations=103 (full 9):
 PSYoungGen      total 462848K, used 31641K [0x00000000e0000000, 0x00000000ffa00000, 0x0000000100000000)
  eden space 408576K, 0% used [0x00000000e0000000,0x00000000e0000000,0x00000000f8f00000)
  from space 54272K, 58% used [0x00000000fc500000,0x00000000fe3e6510,0x00000000ffa00000)
  to   space 54784K, 0% used [0x00000000f8f00000,0x00000000f8f00000,0x00000000fc480000)
 ParOldGen       total 284160K, used 217897K [0x00000000a0000000, 0x00000000b1580000, 0x00000000e0000000)
  object space 284160K, 76% used [0x00000000a0000000,0x00000000ad4ca5b8,0x00000000b1580000)
 Metaspace       used 93444K, capacity 102706K, committed 102744K, reserved 1138688K
  class space    used 11755K, capacity 13925K, committed 13952K, reserved 1048576K
}
Event: 10627.332 GC heap before
{Heap before GC invocations=104 (full 9):
 PSYoungGen      total 462848K, used 440217K [0x00000000e0000000, 0x00000000ffa00000, 0x0000000100000000)
  eden space 408576K, 100% used [0x00000000e0000000,0x00000000f8f00000,0x00000000f8f00000)
  from space 54272K, 58% used [0x00000000fc500000,0x00000000fe3e6510,0x00000000ffa00000)
  to   space 54784K, 0% used [0x00000000f8f00000,0x00000000f8f00000,0x00000000fc480000)
 ParOldGen       total 284160K, used 217897K [0x00000000a0000000, 0x00000000b1580000, 0x00000000e0000000)
  object space 284160K, 76% used [0x00000000a0000000,0x00000000ad4ca5b8,0x00000000b1580000)
 Metaspace       used 93632K, capacity 103166K, committed 103384K, reserved 1138688K
  class space    used 11791K, capacity 14051K, committed 14080K, reserved 1048576K
Event: 10627.774 GC heap after
Heap after GC invocations=104 (full 9):
 PSYoungGen      total 463360K, used 12049K [0x00000000e0000000, 0x0000000100000000, 0x0000000100000000)
  eden space 408576K, 0% used [0x00000000e0000000,0x00000000e0000000,0x00000000f8f00000)
  from space 54784K, 21% used [0x00000000f8f00000,0x00000000f9ac47b0,0x00000000fc480000)
  to   space 55808K, 0% used [0x00000000fc980000,0x00000000fc980000,0x0000000100000000)
 ParOldGen       total 284160K, used 229887K [0x00000000a0000000, 0x00000000b1580000, 0x00000000e0000000)
  object space 284160K, 80% used [0x00000000a0000000,0x00000000ae07fc58,0x00000000b1580000)
 Metaspace       used 93632K, capacity 103166K, committed 103384K, reserved 1138688K
  class space    used 11791K, capacity 14051K, committed 14080K, reserved 1048576K
}
Event: 10709.395 GC heap before
{Heap before GC invocations=105 (full 9):
 PSYoungGen      total 463360K, used 420625K [0x00000000e0000000, 0x0000000100000000, 0x0000000100000000)
  eden space 408576K, 100% used [0x00000000e0000000,0x00000000f8f00000,0x00000000f8f00000)
  from space 54784K, 21% used [0x00000000f8f00000,0x00000000f9ac47b0,0x00000000fc480000)
  to   space 55808K, 0% used [0x00000000fc980000,0x00000000fc980000,0x0000000100000000)
 ParOldGen       total 284160K, used 229887K [0x00000000a0000000, 0x00000000b1580000, 0x00000000e0000000)
  object space 284160K, 80% used [0x00000000a0000000,0x00000000ae07fc58,0x00000000b1580000)
 Metaspace       used 93751K, capacity 103404K, committed 103512K, reserved 1138688K
  class space    used 11810K, capacity 14100K, committed 14208K, reserved 1048576K
Event: 10709.498 GC heap after
Heap after GC invocations=105 (full 9):
 PSYoungGen      total 468480K, used 18850K [0x00000000e0000000, 0x00000000fff00000, 0x0000000100000000)
  eden space 413696K, 0% used [0x00000000e0000000,0x00000000e0000000,0x00000000f9400000)
  from space 54784K, 34% used [0x00000000fc980000,0x00000000fdbe88b8,0x00000000fff00000)
  to   space 54784K, 0% used [0x00000000f9400000,0x00000000f9400000,0x00000000fc980000)
 ParOldGen       total 284160K, used 232831K [0x00000000a0000000, 0x00000000b1580000, 0x00000000e0000000)
  object space 284160K, 81% used [0x00000000a0000000,0x00000000ae35fc88,0x00000000b1580000)
 Metaspace       used 93751K, capacity 103404K, committed 103512K, reserved 1138688K
  class space    used 11810K, capacity 14100K, committed 14208K, reserved 1048576K
}
Event: 10761.232 GC heap before
{Heap before GC invocations=106 (full 9):
 PSYoungGen      total 468480K, used 432546K [0x00000000e0000000, 0x00000000fff00000, 0x0000000100000000)
  eden space 413696K, 100% used [0x00000000e0000000,0x00000000f9400000,0x00000000f9400000)
  from space 54784K, 34% used [0x00000000fc980000,0x00000000fdbe88b8,0x00000000fff00000)
  to   space 54784K, 0% used [0x00000000f9400000,0x00000000f9400000,0x00000000fc980000)
 ParOldGen       total 284160K, used 232831K [0x00000000a0000000, 0x00000000b1580000, 0x00000000e0000000)
  object space 284160K, 81% used [0x00000000a0000000,0x00000000ae35fc88,0x00000000b1580000)
 Metaspace       used 93821K, capacity 103524K, committed 103768K, reserved 1138688K
  class space    used 11822K, capacity 14140K, committed 14208K, reserved 1048576K
Event: 10762.464 GC heap after
Heap after GC invocations=106 (full 9):
 PSYoungGen      total 436736K, used 22543K [0x00000000e0000000, 0x00000000ffd00000, 0x0000000100000000)
  eden space 413696K, 0% used [0x00000000e0000000,0x00000000e0000000,0x00000000f9400000)
  from space 23040K, 97% used [0x00000000f9400000,0x00000000faa03e90,0x00000000faa80000)
  to   space 53248K, 0% used [0x00000000fc900000,0x00000000fc900000,0x00000000ffd00000)
 ParOldGen       total 284160K, used 232919K [0x00000000a0000000, 0x00000000b1580000, 0x00000000e0000000)
  object space 284160K, 81% used [0x00000000a0000000,0x00000000ae375c98,0x00000000b1580000)
 Metaspace       used 93821K, capacity 103524K, committed 103768K, reserved 1138688K
  class space    used 11822K, capacity 14140K, committed 14208K, reserved 1048576K
}

Deoptimization events (10 events):
Event: 10191.825 Thread 0x00000000224b8800 Uncommon trap: reason=class_check action=maybe_recompile pc=0x0000000005a7cc64 method=org.gradle.model.internal.core.AbstractModelAction.<init>(Lorg/gradle/model/internal/core/ModelReference;Lorg/gradle/model/internal/core/rule/describe/ModelRuleDescripto
Event: 10241.325 Thread 0x00000000224bd000 Uncommon trap: reason=unstable_if action=reinterpret pc=0x0000000009e54b18 method=com.google.common.cache.LongAdder.add(J)V @ 95
Event: 10348.093 Thread 0x00000000224b9000 Uncommon trap: reason=class_check action=maybe_recompile pc=0x0000000006a14bd0 method=org.gradle.model.internal.core.DefaultModelRegistration.<init>(Lorg/gradle/model/internal/core/ModelPath;Lorg/gradle/model/internal/core/rule/describe/ModelRuleDescripto
Event: 10348.093 Thread 0x00000000224b9000 Uncommon trap: reason=class_check action=maybe_recompile pc=0x0000000006a14bd0 method=org.gradle.model.internal.core.DefaultModelRegistration.<init>(Lorg/gradle/model/internal/core/ModelPath;Lorg/gradle/model/internal/core/rule/describe/ModelRuleDescripto
Event: 10348.093 Thread 0x00000000224b9000 Uncommon trap: reason=class_check action=maybe_recompile pc=0x0000000006a14bd0 method=org.gradle.model.internal.core.DefaultModelRegistration.<init>(Lorg/gradle/model/internal/core/ModelPath;Lorg/gradle/model/internal/core/rule/describe/ModelRuleDescripto
Event: 10348.094 Thread 0x00000000224b9000 Uncommon trap: reason=class_check action=maybe_recompile pc=0x0000000006a14bd0 method=org.gradle.model.internal.core.DefaultModelRegistration.<init>(Lorg/gradle/model/internal/core/ModelPath;Lorg/gradle/model/internal/core/rule/describe/ModelRuleDescripto
Event: 10632.066 Thread 0x000000001f65b800 Uncommon trap: reason=unstable_if action=reinterpret pc=0x000000000877776c method=com.sun.org.apache.xerces.internal.impl.XMLDocumentFragmentScannerImpl.seekCloseOfStartTag()Z @ 95
Event: 10632.346 Thread 0x000000001f65b800 Uncommon trap: reason=unloaded action=reinterpret pc=0x000000000634b80c method=org.gradle.internal.event.AbstractBroadcastDispatch.dispatch(Lorg/gradle/internal/dispatch/MethodInvocation;Ljava/util/Iterator;)V @ 118
Event: 10633.221 Thread 0x000000001f65b800 Uncommon trap: reason=class_check action=maybe_recompile pc=0x0000000007aa0264 method=java.util.Formatter$FormatSpecifier.print(Ljava/lang/Object;Ljava/util/Locale;)V @ 201
Event: 10633.242 Thread 0x000000001f65b800 Uncommon trap: reason=bimorphic action=maybe_recompile pc=0x00000000050f711c method=org.gradle.internal.logging.text.AbstractStyledTextOutput.text(Ljava/lang/Object;)Lorg/gradle/internal/logging/text/StyledTextOutput; @ 11

Classes redefined (0 events):
No events

Internal exceptions (10 events):
Event: 10754.459 Thread 0x000000001f65b800 Exception <a 'sun/nio/fs/WindowsException'> (0x00000000f23992c0) thrown at [D:\src\AOSP-openjdk-cygwin\jdk8u\hotspot\src\share\vm\prims\jni.cpp, line 709]
Event: 10754.459 Thread 0x000000001f65b800 Exception <a 'sun/nio/fs/WindowsException'> (0x00000000f2399e58) thrown at [D:\src\AOSP-openjdk-cygwin\jdk8u\hotspot\src\share\vm\prims\jni.cpp, line 709]
Event: 10754.459 Thread 0x000000001f65b800 Exception <a 'sun/nio/fs/WindowsException'> (0x00000000f239ce30) thrown at [D:\src\AOSP-openjdk-cygwin\jdk8u\hotspot\src\share\vm\prims\jni.cpp, line 709]
Event: 10754.459 Thread 0x000000001f65b800 Exception <a 'sun/nio/fs/WindowsException'> (0x00000000f239da08) thrown at [D:\src\AOSP-openjdk-cygwin\jdk8u\hotspot\src\share\vm\prims\jni.cpp, line 709]
Event: 10754.460 Thread 0x000000001f65b800 Exception <a 'sun/nio/fs/WindowsException'> (0x00000000f239fca0) thrown at [D:\src\AOSP-openjdk-cygwin\jdk8u\hotspot\src\share\vm\prims\jni.cpp, line 709]
Event: 10754.460 Thread 0x000000001f65b800 Exception <a 'sun/nio/fs/WindowsException'> (0x00000000f23a0898) thrown at [D:\src\AOSP-openjdk-cygwin\jdk8u\hotspot\src\share\vm\prims\jni.cpp, line 709]
Event: 10760.644 Thread 0x000000001f65b800 Exception <a 'sun/nio/fs/WindowsException'> (0x00000000f393cbf8) thrown at [D:\src\AOSP-openjdk-cygwin\jdk8u\hotspot\src\share\vm\prims\jni.cpp, line 709]
Event: 10760.644 Thread 0x000000001f65b800 Exception <a 'sun/nio/fs/WindowsException'> (0x00000000f393d6f0) thrown at [D:\src\AOSP-openjdk-cygwin\jdk8u\hotspot\src\share\vm\prims\jni.cpp, line 709]
Event: 10760.644 Thread 0x000000001f65b800 Exception <a 'sun/nio/fs/WindowsException'> (0x00000000f393f740) thrown at [D:\src\AOSP-openjdk-cygwin\jdk8u\hotspot\src\share\vm\prims\jni.cpp, line 709]
Event: 10760.644 Thread 0x000000001f65b800 Exception <a 'sun/nio/fs/WindowsException'> (0x00000000f3940238) thrown at [D:\src\AOSP-openjdk-cygwin\jdk8u\hotspot\src\share\vm\prims\jni.cpp, line 709]

Events (10 events):
Event: 10762.833 Thread 0x000000001f732000 Thread exited: 0x000000001f732000
Event: 10762.834 Thread 0x000000001f730800 Thread added: 0x000000001f730800
Event: 10762.834 Thread 0x000000001f732000 Thread added: 0x000000001f732000
Event: 10762.837 Thread 0x000000001cdc9800 Thread added: 0x000000001cdc9800
Event: 10762.837 Thread 0x000000001cdc8000 Thread added: 0x000000001cdc8000
Event: 10762.867 Thread 0x000000001f732000 Thread exited: 0x000000001f732000
Event: 10762.867 Thread 0x000000001f730800 Thread exited: 0x000000001f730800
Event: 10762.876 Thread 0x000000001f730800 Thread added: 0x000000001f730800
Event: 10762.883 Thread 0x000000001cdc8000 Thread exited: 0x000000001cdc8000
Event: 10762.883 Thread 0x000000001cdc9800 Thread exited: 0x000000001cdc9800


Dynamic libraries:
0x00007ff6f9bf0000 - 0x00007ff6f9c21000 	C:\Program Files\Android\Android Studio\jre\bin\java.exe
0x00007ffc52720000 - 0x00007ffc52900000 	C:\WINDOWS\SYSTEM32\ntdll.dll
0x00007ffc52590000 - 0x00007ffc5263e000 	C:\WINDOWS\System32\KERNEL32.DLL
0x00007ffc4f980000 - 0x00007ffc4fbe6000 	C:\WINDOWS\System32\KERNELBASE.dll
0x00007ffc50760000 - 0x00007ffc50801000 	C:\WINDOWS\System32\ADVAPI32.dll
0x00007ffc52350000 - 0x00007ffc523ed000 	C:\WINDOWS\System32\msvcrt.dll
0x00007ffc52510000 - 0x00007ffc5256b000 	C:\WINDOWS\System32\sechost.dll
0x00007ffc51cc0000 - 0x00007ffc51ddf000 	C:\WINDOWS\System32\RPCRT4.dll
0x00007ffc4fc70000 - 0x00007ffc4fdff000 	C:\WINDOWS\System32\USER32.dll
0x00007ffc4efc0000 - 0x00007ffc4efe0000 	C:\WINDOWS\System32\win32u.dll
0x00007ffc52030000 - 0x00007ffc52058000 	C:\WINDOWS\System32\GDI32.dll
0x00007ffc4ee20000 - 0x00007ffc4efb3000 	C:\WINDOWS\System32\gdi32full.dll
0x00007ffc4ec80000 - 0x00007ffc4ed1b000 	C:\WINDOWS\System32\msvcp_win.dll
0x00007ffc4ed20000 - 0x00007ffc4ee16000 	C:\WINDOWS\System32\ucrtbase.dll
0x00007ffc43b00000 - 0x00007ffc43d69000 	C:\WINDOWS\WinSxS\amd64_microsoft.windows.common-controls_6595b64144ccf1df_6.0.16299.371_none_15c7d1789365a290\COMCTL32.dll
0x00007ffc4fe00000 - 0x00007ffc50108000 	C:\WINDOWS\System32\combase.dll
0x00007ffc4efe0000 - 0x00007ffc4f052000 	C:\WINDOWS\System32\bcryptPrimitives.dll
0x00007ffc51de0000 - 0x00007ffc51e0d000 	C:\WINDOWS\System32\IMM32.DLL
0x0000000056560000 - 0x0000000056632000 	C:\Program Files\Android\Android Studio\jre\jre\bin\msvcr100.dll
0x0000000056720000 - 0x0000000056f5e000 	C:\Program Files\Android\Android Studio\jre\jre\bin\server\jvm.dll
0x00007ffc523f0000 - 0x00007ffc523f8000 	C:\WINDOWS\System32\PSAPI.DLL
0x00007ffc47a20000 - 0x00007ffc47a2a000 	C:\WINDOWS\SYSTEM32\VERSION.dll
0x00007ffc49040000 - 0x00007ffc49063000 	C:\WINDOWS\SYSTEM32\WINMM.dll
0x00007ffc49010000 - 0x00007ffc4903a000 	C:\WINDOWS\SYSTEM32\winmmbase.dll
0x00007ffc4ec30000 - 0x00007ffc4ec7a000 	C:\WINDOWS\System32\cfgmgr32.dll
0x00007ffc38340000 - 0x00007ffc38349000 	C:\WINDOWS\SYSTEM32\WSOCK32.dll
0x00007ffc52060000 - 0x00007ffc520cc000 	C:\WINDOWS\System32\ws2_32.DLL
0x00007ffc2cd80000 - 0x00007ffc2cd8f000 	C:\Program Files\Android\Android Studio\jre\jre\bin\verify.dll
0x00007ffc2cd50000 - 0x00007ffc2cd79000 	C:\Program Files\Android\Android Studio\jre\jre\bin\java.dll
0x00007ffc2cd30000 - 0x00007ffc2cd46000 	C:\Program Files\Android\Android Studio\jre\jre\bin\zip.dll
0x00007ffc50810000 - 0x00007ffc51c46000 	C:\WINDOWS\System32\SHELL32.dll
0x00007ffc51f80000 - 0x00007ffc52026000 	C:\WINDOWS\System32\shcore.dll
0x00007ffc4f060000 - 0x00007ffc4f7a7000 	C:\WINDOWS\System32\windows.storage.dll
0x00007ffc51c50000 - 0x00007ffc51ca1000 	C:\WINDOWS\System32\shlwapi.dll
0x00007ffc4eae0000 - 0x00007ffc4eaf1000 	C:\WINDOWS\System32\kernel.appcore.dll
0x00007ffc4ea70000 - 0x00007ffc4eabc000 	C:\WINDOWS\System32\powrprof.dll
0x00007ffc4eb00000 - 0x00007ffc4eb1b000 	C:\WINDOWS\System32\profapi.dll
0x00007ffc2cd10000 - 0x00007ffc2cd2a000 	C:\Program Files\Android\Android Studio\jre\jre\bin\net.dll
0x00007ffc4e300000 - 0x00007ffc4e366000 	C:\WINDOWS\system32\mswsock.dll
0x00007ffc2ccf0000 - 0x00007ffc2cd01000 	C:\Program Files\Android\Android Studio\jre\jre\bin\nio.dll
0x00007ffc489d0000 - 0x00007ffc489ee000 	C:\Users\Ryan\.gradle\native\25\windows-amd64\native-platform.dll
0x00007ffc2ca50000 - 0x00007ffc2ca5d000 	C:\Program Files\Android\Android Studio\jre\jre\bin\management.dll
0x00007ffc4e4d0000 - 0x00007ffc4e4e7000 	C:\WINDOWS\SYSTEM32\CRYPTSP.dll
0x00007ffc4df00000 - 0x00007ffc4df33000 	C:\WINDOWS\system32\rsaenh.dll
0x00007ffc4e5d0000 - 0x00007ffc4e5f5000 	C:\WINDOWS\SYSTEM32\bcrypt.dll
0x00007ffc4e9a0000 - 0x00007ffc4e9c9000 	C:\WINDOWS\SYSTEM32\USERENV.dll
0x00007ffc4e4c0000 - 0x00007ffc4e4cb000 	C:\WINDOWS\SYSTEM32\CRYPTBASE.dll
0x00007ffc4e090000 - 0x00007ffc4e0c9000 	C:\WINDOWS\SYSTEM32\IPHLPAPI.DLL
0x00007ffc526e0000 - 0x00007ffc526e8000 	C:\WINDOWS\System32\NSI.dll
0x00007ffc493c0000 - 0x00007ffc493d6000 	C:\WINDOWS\SYSTEM32\dhcpcsvc6.DLL
0x00007ffc4a440000 - 0x00007ffc4a45a000 	C:\WINDOWS\SYSTEM32\dhcpcsvc.DLL
0x00007ffc4dba0000 - 0x00007ffc4dbd1000 	C:\WINDOWS\SYSTEM32\ntmarta.dll
0x00007ffc1e750000 - 0x00007ffc1e774000 	C:\Program Files\Android\Android Studio\jre\jre\bin\sunec.dll
0x00007ffc4e0d0000 - 0x00007ffc4e186000 	C:\WINDOWS\SYSTEM32\DNSAPI.dll
0x00007ffc42f90000 - 0x00007ffc42f9a000 	C:\Windows\System32\rasadhlp.dll
0x00007ffc42fb0000 - 0x00007ffc43020000 	C:\WINDOWS\System32\fwpuclnt.dll
0x00007ffc4b110000 - 0x00007ffc4b11b000 	C:\Program Files\Android\Android Studio\jre\jre\bin\sunmscapi.dll
0x00007ffc4f7b0000 - 0x00007ffc4f97e000 	C:\WINDOWS\System32\CRYPT32.dll
0x00007ffc4eac0000 - 0x00007ffc4ead2000 	C:\WINDOWS\System32\MSASN1.dll

VM Arguments:
jvm_args: -Xmx1536m -Dfile.encoding=windows-1252 -Duser.country=ID -Duser.language=en -Duser.variant 
java_command: org.gradle.launcher.daemon.bootstrap.GradleDaemon 4.1
java_class_path (initial): C:\Users\Ryan\.gradle\wrapper\dists\gradle-4.1-all\bzyivzo6n839fup2jbap0tjew\gradle-4.1\lib\gradle-launcher-4.1.jar
Launcher Type: SUN_STANDARD

Environment Variables:
PATH=C:\Program Files (x86)\Intel\iCLS Client\;C:\Program Files\Intel\iCLS Client\;C:\Windows\system32;C:\Windows;C:\Windows\System32\Wbem;C:\Windows\System32\WindowsPowerShell\v1.0\;C:\Program Files (x86)\NVIDIA Corporation\PhysX\Common;C:\Program Files (x86)\Intel\Intel(R) Management Engine Components\DAL;C:\Program Files\Intel\Intel(R) Management Engine Components\DAL;C:\Program Files (x86)\Intel\Intel(R) Management Engine Components\IPT;C:\Program Files\Intel\Intel(R) Management Engine Components\IPT;C:\Program Files\Intel\WiFi\bin\;C:\Program Files\Common Files\Intel\WirelessCommon\;C:\Program Files\dotnet\;%SystemRoot%\system32;%SystemRoot%;%SystemRoot%\System32\Wbem;%SYSTEMROOT%\System32\WindowsPowerShell\v1.0\;C:\Users\Ryan\AppData\Local\Microsoft\WindowsApps;C:\Program Files\Intel\WiFi\bin\;C:\Program Files\Common Files\Intel\WirelessCommon\;
USERNAME=Ryan
OS=Windows_NT
PROCESSOR_IDENTIFIER=Intel64 Family 6 Model 158 Stepping 9, GenuineIntel



---------------  S Y S T E M  ---------------

OS: Windows 10.0 , 64 bit Build 16299 (10.0.16299.15)

CPU:total 8 (initial active 8) (4 cores per cpu, 2 threads per core) family 6 model 158 stepping 9, cmov, cx8, fxsr, mmx, sse, sse2, sse3, ssse3, sse4.1, sse4.2, popcnt, avx, avx2, aes, clmul, erms, 3dnowpref, lzcnt, ht, tsc, tscinvbit, bmi1, bmi2, adx

Memory: 4k page, physical 8304332k(323732k free), swap 16496332k(1792k free)

vm_info: OpenJDK 64-Bit Server VM (25.152-b01) for windows-amd64 JRE (1.8.0_152-release-915-b01), built by "builder" with MS VC++ 10.0 (VS2010)

time: Sun Apr 22 19:27:42 2018
elapsed time: 10764 seconds (0d 2h 59m 24s)

